[16:02:49.834] Global cache location 'C:/Users/bento/AppData/Local/Microsoft/TypeScript/4.5', safe file path 'c:/users/bento/documents/github/projetos-alura/react-native/alura-studies/node_modules/typescript/lib/typingsafelist.json', types map path c:/users/bento/documents/github/projetos-alura/react-native/alura-studies/node_modules/typescript/lib/typesmap.json
[16:02:49.836] Processing cache location 'C:/Users/bento/AppData/Local/Microsoft/TypeScript/4.5'
[16:02:49.836] Trying to find 'C:/Users/bento/AppData/Local/Microsoft/TypeScript/4.5/package.json'...
[16:02:49.841] Loaded content of 'C:/Users/bento/AppData/Local/Microsoft/TypeScript/4.5/package.json': {"private":true,"dependencies":{"types-registry":"^0.1.573"},"devDependencies":{"@types/accepts":"^1.3.5","@types/argparse":"^2.0.10","@types/arr-diff":"^4.0.0","@types/arr-union":"^3.1.0","@types/array-find-index":"^1.0.0","@types/array-unique":"^0.3.0","@types/asap":"^2.0.0","@types/async":"^3.2.12","@types/atob":"^2.1.2","@types/babel__core":"^7.1.17","@types/babel-core":"^6.25.7","@types/balanced-match":"^1.0.2","@types/blueimp-md5":"^2.18.0","@types/brace-expansion":"^1.1.0","@types/braces":"^3.0.1","@types/bser":"^2.0.1","@types/buffer-from":"^1.1.0","@types/bytes":"^3.1.1","@types/call-bind":"^1.0.0","@types/caniuse-lite":"^1.0.1","@types/cli-spinners":"^1.3.0","@types/clone":"^2.1.1","@types/clone-deep":"^4.0.1","@types/color-convert":"^2.0.0","@types/color-name":"^1.1.1","@types/color-string":"^1.5.2","@types/command-exists":"^1.2.0","@types/commondir":"^1.0.0","@types/component-emitter":"^1.2.11","@types/compressible":"^2.0.0","@types/compression":"^1.7.2","@types/concat-map":"^0.0.1","@types/connect":"^3.4.35","@types/convert-source-map":"^1.5.2","@types/core-js":"^2.5.5","@types/create-react-class":"^15.6.3","@types/cross-spawn":"^6.0.2","@types/debug":"^4.1.7","@types/decode-uri-component":"^0.2.0","@types/defaults":"^1.0.3","@types/define-properties":"^1.1.3","@types/denodeify":"^1.2.31","@types/depd":"^1.1.32","@types/destroy":"^1.0.0","@types/ee-first":"^1.1.0","@types/encodeurl":"^1.0.0","@types/end-of-stream":"^1.4.1","@types/envinfo":"^7.8.1","@types/errorhandler":"^1.5.0","@types/escape-html":"^1.0.1","@types/esprima":"^4.0.3","@types/esutils":"^2.0.0","@types/etag":"^1.8.1","@types/fb-watchman":"^2.0.1","@types/fbemitter":"^2.0.32","@types/fbjs":"^3.0.2","@types/fill-range":"^7.0.0","@types/finalhandler":"^1.1.1","@types/find-cache-dir":"^3.2.1","@types/fontfaceobserver":"^2.1.0","@types/fresh":"^0.5.0","@types/fs-extra":"^9.0.13","@types/function-bind":"^1.1.6","@types/get-intrinsic":"^1.0.0","@types/get-value":"^3.0.2","@types/getenv":"^1.0.0","@types/glob":"^7.2.0","@types/glob-parent":"^5.1.1","@types/graceful-fs":"^4.1.5","@types/has":"^1.0.0","@types/has-symbols":"^1.0.0","@types/http-errors":"^1.8.1","@types/hyphenate-style-name":"^1.0.0","@types/imurmurhash":"^0.1.1","@types/inherits":"^0.0.30","@types/inline-style-prefixer":"^5.0.0","@types/interpret":"^1.1.1","@types/invariant":"^2.2.35","@types/ip":"^1.1.0","@types/is-buffer":"^2.0.0","@types/is-ci":"^3.0.0","@types/is-core-module":"^2.2.0","@types/is-data-descriptor":"^1.0.0","@types/is-glob":"^4.0.2","@types/is-number":"^7.0.2","@types/is-windows":"^1.0.0","@types/isarray":"^2.0.0","@types/isexe":"^2.0.1","@types/isomorphic-fetch":"^0.0.35","@types/js-yaml":"^4.0.5","@types/jscodeshift":"^0.11.3","@types/jsesc":"^3.0.1","@types/json-parse-better-errors":"^1.0.0","@types/jsonfile":"^6.0.1","@types/kind-of":"^6.0.0","@types/klaw":"^3.0.3","@types/lodash":"^4.14.178","@types/lodash.debounce":"^4.0.6","@types/lodash.frompairs":"^4.0.6","@types/lodash.isequal":"^4.5.5","@types/lodash.isstring":"^4.0.6","@types/lodash.omit":"^4.5.6","@types/lodash.pick":"^4.4.6","@types/lodash.template":"^4.5.0","@types/lodash.throttle":"^4.1.6","@types/lru-cache":"^5.1.1","@types/merge-stream":"^1.1.2","@types/merge2":"^1.3.1","@types/metro":"^0.66.0","@types/metro-babel-transformer":"^0.66.0","@types/metro-cache":"^0.66.0","@types/metro-config":"^0.66.0","@types/metro-core":"^0.66.0","@types/metro-resolver":"^0.66.0","@types/metro-source-map":"^0.66.0","@types/metro-transform-worker":"^0.66.0","@types/micromatch":"^4.0.2","@types/mime":"^2.0.3","@types/mime-db":"^1.43.1","@types/mime-types":"^2.1.1","@types/minimatch":"^3.0.5","@types/minimist":"^1.2.2","@types/mkdirp":"^1.0.2","@types/ms":"^0.7.31","@types/mz":"^2.7.4","@types/negotiator":"^0.6.1","@types/nice-try":"^2.1.0","@types/node-dir":"^0.0.34","@types/node-int64":"^0.4.29","@types/normalize-path":"^3.0.0","@types/object-assign":"^4.0.30","@types/object-keys":"^1.0.1","@types/object.pick":"^1.3.1","@types/on-finished":"^2.3.1","@types/on-headers":"^1.0.0","@types/once":"^1.4.0","@types/os-tmpdir":"^1.0.0","@types/parse-json":"^4.0.0","@types/parseurl":"^1.3.1","@types/pascalcase":"^1.0.1","@types/path-browserify":"^1.0.0","@types/path-is-absolute":"^1.0.0","@types/path-parse":"^1.0.19","@types/picomatch":"^2.3.0","@types/pify":"^5.0.1","@types/plist":"^3.0.2","@types/pngjs":"^6.0.1","@types/prompts":"^2.0.14","@types/prop-types":"^15.7.4","@types/pump":"^1.1.1","@types/querystringify":"^2.0.0","@types/range-parser":"^1.2.4","@types/react":"^17.0.38","@types/react-dom":"^17.0.11","@types/react-is":"^17.0.3","@types/react-native":"^0.66.10","@types/readable-stream":"^2.3.12","@types/rechoir":"^0.6.1","@types/regenerate":"^1.4.1","@types/regenerator-runtime":"^0.13.1","@types/regex-not":"^1.0.0","@types/repeat-element":"^1.1.1","@types/repeat-string":"^1.6.3","@types/require-directory":"^2.1.2","@types/require-from-string":"^1.2.1","@types/requires-port":"^1.0.0","@types/resolve":"^1.20.1","@types/rimraf":"^3.0.2","@types/rsvp":"^4.0.4","@types/run-parallel":"^1.1.0","@types/safe-regex":"^1.1.3","@types/safer-buffer":"^2.1.0","@types/sane":"^2.0.1","@types/sax":"^1.2.4","@types/scheduler":"^0.16.2","@types/semver":"^7.3.9","@types/send":"^0.17.1","@types/serve-static":"^1.13.10","@types/set-value":"^4.0.1","@types/setimmediate":"^1.0.2","@types/shebang-command":"^1.2.0","@types/shell-quote":"^1.7.1","@types/shelljs":"^0.8.10","@types/signal-exit":"^3.0.1","@types/simple-swizzle":"^0.2.0","@types/slice-ansi":"^5.0.0","@types/source-map-support":"^0.5.4","@types/sprintf":"^0.1.0","@types/sprintf-js":"^1.1.2","@types/statuses":"^2.0.0","@types/stream-buffers":"^3.0.4","@types/supports-color":"^8.1.1","@types/temp":"^0.9.1","@types/through2":"^2.0.36","@types/tmpl":"^1.0.0","@types/to-regex":"^3.0.0","@types/to-regex-range":"^5.0.0","@types/ua-parser-js":"^0.7.36","@types/uglify-es":"^3.0.0","@types/ultron":"^1.1.0","@types/universalify":"^1.0.0","@types/urix":"^0.1.0","@types/url-parse":"^1.4.6","@types/use-subscription":"^1.0.0","@types/util-deprecate":"^1.0.0","@types/utils-merge":"^0.0.28","@types/uuid":"^8.3.3","@types/vary":"^1.1.0","@types/wcwidth":"^1.0.0","@types/webidl-conversions":"^6.1.1","@types/whatwg-url":"^8.2.1","@types/which":"^2.0.1","@types/wrap-ansi":"^8.0.1","@types/write-file-atomic":"^3.0.3","@types/ws":"^8.2.2","@types/xml2js":"^0.4.9","@types/xmldoc":"^1.1.6","@types/xtend":"^4.0.4","@types/yallist":"^4.0.1","@types/yargs":"^17.0.8","@types/yargs-parser":"^20.2.1"}}
[16:02:49.859] Loaded content of 'C:/Users/bento/AppData/Local/Microsoft/TypeScript/4.5/package-lock.json'
[16:02:49.878] Adding entry into typings cache: 'accepts' => 'C:/Users/bento/AppData/Local/Microsoft/TypeScript/4.5/node_modules/@types/accepts/index.d.ts'
[16:02:49.888] Adding entry into typings cache: 'argparse' => 'C:/Users/bento/AppData/Local/Microsoft/TypeScript/4.5/node_modules/@types/argparse/index.d.ts'
[16:02:49.894] Adding entry into typings cache: 'arr-diff' => 'C:/Users/bento/AppData/Local/Microsoft/TypeScript/4.5/node_modules/@types/arr-diff/index.d.ts'
[16:02:49.897] Adding entry into typings cache: 'arr-union' => 'C:/Users/bento/AppData/Local/Microsoft/TypeScript/4.5/node_modules/@types/arr-union/index.d.ts'
[16:02:49.900] Adding entry into typings cache: 'array-find-index' => 'C:/Users/bento/AppData/Local/Microsoft/TypeScript/4.5/node_modules/@types/array-find-index/index.d.ts'
[16:02:49.902] Adding entry into typings cache: 'array-unique' => 'C:/Users/bento/AppData/Local/Microsoft/TypeScript/4.5/node_modules/@types/array-unique/index.d.ts'
[16:02:49.905] Adding entry into typings cache: 'asap' => 'C:/Users/bento/AppData/Local/Microsoft/TypeScript/4.5/node_modules/@types/asap/index.d.ts'
[16:02:49.909] Adding entry into typings cache: 'async' => 'C:/Users/bento/AppData/Local/Microsoft/TypeScript/4.5/node_modules/@types/async/index.d.ts'
[16:02:49.913] Adding entry into typings cache: 'atob' => 'C:/Users/bento/AppData/Local/Microsoft/TypeScript/4.5/node_modules/@types/atob/index.d.ts'
[16:02:49.918] Adding entry into typings cache: 'babel__core' => 'C:/Users/bento/AppData/Local/Microsoft/TypeScript/4.5/node_modules/@types/babel__core/index.d.ts'
[16:02:49.922] Adding entry into typings cache: 'babel-core' => 'C:/Users/bento/AppData/Local/Microsoft/TypeScript/4.5/node_modules/@types/babel-core/index.d.ts'
[16:02:49.925] Adding entry into typings cache: 'balanced-match' => 'C:/Users/bento/AppData/Local/Microsoft/TypeScript/4.5/node_modules/@types/balanced-match/index.d.ts'
[16:02:49.929] Adding entry into typings cache: 'blueimp-md5' => 'C:/Users/bento/AppData/Local/Microsoft/TypeScript/4.5/node_modules/@types/blueimp-md5/index.d.ts'
[16:02:49.931] Adding entry into typings cache: 'brace-expansion' => 'C:/Users/bento/AppData/Local/Microsoft/TypeScript/4.5/node_modules/@types/brace-expansion/index.d.ts'
[16:02:49.935] Adding entry into typings cache: 'braces' => 'C:/Users/bento/AppData/Local/Microsoft/TypeScript/4.5/node_modules/@types/braces/index.d.ts'
[16:02:49.938] Adding entry into typings cache: 'bser' => 'C:/Users/bento/AppData/Local/Microsoft/TypeScript/4.5/node_modules/@types/bser/index.d.ts'
[16:02:49.942] Adding entry into typings cache: 'buffer-from' => 'C:/Users/bento/AppData/Local/Microsoft/TypeScript/4.5/node_modules/@types/buffer-from/index.d.ts'
[16:02:49.944] Adding entry into typings cache: 'bytes' => 'C:/Users/bento/AppData/Local/Microsoft/TypeScript/4.5/node_modules/@types/bytes/index.d.ts'
[16:02:49.947] Adding entry into typings cache: 'call-bind' => 'C:/Users/bento/AppData/Local/Microsoft/TypeScript/4.5/node_modules/@types/call-bind/index.d.ts'
[16:02:49.950] Adding entry into typings cache: 'caniuse-lite' => 'C:/Users/bento/AppData/Local/Microsoft/TypeScript/4.5/node_modules/@types/caniuse-lite/index.d.ts'
[16:02:49.953] Adding entry into typings cache: 'cli-spinners' => 'C:/Users/bento/AppData/Local/Microsoft/TypeScript/4.5/node_modules/@types/cli-spinners/index.d.ts'
[16:02:49.957] Adding entry into typings cache: 'clone' => 'C:/Users/bento/AppData/Local/Microsoft/TypeScript/4.5/node_modules/@types/clone/index.d.ts'
[16:02:49.961] Adding entry into typings cache: 'clone-deep' => 'C:/Users/bento/AppData/Local/Microsoft/TypeScript/4.5/node_modules/@types/clone-deep/index.d.ts'
[16:02:49.964] Adding entry into typings cache: 'color-convert' => 'C:/Users/bento/AppData/Local/Microsoft/TypeScript/4.5/node_modules/@types/color-convert/index.d.ts'
[16:02:49.967] Adding entry into typings cache: 'color-name' => 'C:/Users/bento/AppData/Local/Microsoft/TypeScript/4.5/node_modules/@types/color-name/index.d.ts'
[16:02:49.969] Adding entry into typings cache: 'color-string' => 'C:/Users/bento/AppData/Local/Microsoft/TypeScript/4.5/node_modules/@types/color-string/index.d.ts'
[16:02:49.972] Adding entry into typings cache: 'command-exists' => 'C:/Users/bento/AppData/Local/Microsoft/TypeScript/4.5/node_modules/@types/command-exists/index.d.ts'
[16:02:49.974] Adding entry into typings cache: 'commondir' => 'C:/Users/bento/AppData/Local/Microsoft/TypeScript/4.5/node_modules/@types/commondir/index.d.ts'
[16:02:49.976] Adding entry into typings cache: 'component-emitter' => 'C:/Users/bento/AppData/Local/Microsoft/TypeScript/4.5/node_modules/@types/component-emitter/index.d.ts'
[16:02:49.979] Adding entry into typings cache: 'compressible' => 'C:/Users/bento/AppData/Local/Microsoft/TypeScript/4.5/node_modules/@types/compressible/index.d.ts'
[16:02:49.983] Adding entry into typings cache: 'compression' => 'C:/Users/bento/AppData/Local/Microsoft/TypeScript/4.5/node_modules/@types/compression/index.d.ts'
[16:02:49.986] Adding entry into typings cache: 'concat-map' => 'C:/Users/bento/AppData/Local/Microsoft/TypeScript/4.5/node_modules/@types/concat-map/index.d.ts'
[16:02:49.988] Adding entry into typings cache: 'connect' => 'C:/Users/bento/AppData/Local/Microsoft/TypeScript/4.5/node_modules/@types/connect/index.d.ts'
[16:02:49.991] Adding entry into typings cache: 'convert-source-map' => 'C:/Users/bento/AppData/Local/Microsoft/TypeScript/4.5/node_modules/@types/convert-source-map/index.d.ts'
[16:02:49.993] Adding entry into typings cache: 'core-js' => 'C:/Users/bento/AppData/Local/Microsoft/TypeScript/4.5/node_modules/@types/core-js/index.d.ts'
[16:02:49.996] Adding entry into typings cache: 'create-react-class' => 'C:/Users/bento/AppData/Local/Microsoft/TypeScript/4.5/node_modules/@types/create-react-class/index.d.ts'
[16:02:49.999] Adding entry into typings cache: 'cross-spawn' => 'C:/Users/bento/AppData/Local/Microsoft/TypeScript/4.5/node_modules/@types/cross-spawn/index.d.ts'
[16:02:50.002] Adding entry into typings cache: 'debug' => 'C:/Users/bento/AppData/Local/Microsoft/TypeScript/4.5/node_modules/@types/debug/index.d.ts'
[16:02:50.004] Adding entry into typings cache: 'decode-uri-component' => 'C:/Users/bento/AppData/Local/Microsoft/TypeScript/4.5/node_modules/@types/decode-uri-component/index.d.ts'
[16:02:50.007] Adding entry into typings cache: 'defaults' => 'C:/Users/bento/AppData/Local/Microsoft/TypeScript/4.5/node_modules/@types/defaults/index.d.ts'
[16:02:50.009] Adding entry into typings cache: 'define-properties' => 'C:/Users/bento/AppData/Local/Microsoft/TypeScript/4.5/node_modules/@types/define-properties/index.d.ts'
[16:02:50.011] Adding entry into typings cache: 'denodeify' => 'C:/Users/bento/AppData/Local/Microsoft/TypeScript/4.5/node_modules/@types/denodeify/index.d.ts'
[16:02:50.014] Adding entry into typings cache: 'depd' => 'C:/Users/bento/AppData/Local/Microsoft/TypeScript/4.5/node_modules/@types/depd/index.d.ts'
[16:02:50.016] Adding entry into typings cache: 'destroy' => 'C:/Users/bento/AppData/Local/Microsoft/TypeScript/4.5/node_modules/@types/destroy/index.d.ts'
[16:02:50.018] Adding entry into typings cache: 'ee-first' => 'C:/Users/bento/AppData/Local/Microsoft/TypeScript/4.5/node_modules/@types/ee-first/index.d.ts'
[16:02:50.022] Adding entry into typings cache: 'encodeurl' => 'C:/Users/bento/AppData/Local/Microsoft/TypeScript/4.5/node_modules/@types/encodeurl/index.d.ts'
[16:02:50.025] Adding entry into typings cache: 'end-of-stream' => 'C:/Users/bento/AppData/Local/Microsoft/TypeScript/4.5/node_modules/@types/end-of-stream/index.d.ts'
[16:02:50.028] Adding entry into typings cache: 'envinfo' => 'C:/Users/bento/AppData/Local/Microsoft/TypeScript/4.5/node_modules/@types/envinfo/index.d.ts'
[16:02:50.031] Adding entry into typings cache: 'errorhandler' => 'C:/Users/bento/AppData/Local/Microsoft/TypeScript/4.5/node_modules/@types/errorhandler/index.d.ts'
[16:02:50.033] Adding entry into typings cache: 'escape-html' => 'C:/Users/bento/AppData/Local/Microsoft/TypeScript/4.5/node_modules/@types/escape-html/index.d.ts'
[16:02:50.039] Adding entry into typings cache: 'esprima' => 'C:/Users/bento/AppData/Local/Microsoft/TypeScript/4.5/node_modules/@types/esprima/index.d.ts'
[16:02:50.042] Adding entry into typings cache: 'esutils' => 'C:/Users/bento/AppData/Local/Microsoft/TypeScript/4.5/node_modules/@types/esutils/index.d.ts'
[16:02:50.044] Adding entry into typings cache: 'etag' => 'C:/Users/bento/AppData/Local/Microsoft/TypeScript/4.5/node_modules/@types/etag/index.d.ts'
[16:02:50.046] Adding entry into typings cache: 'fb-watchman' => 'C:/Users/bento/AppData/Local/Microsoft/TypeScript/4.5/node_modules/@types/fb-watchman/index.d.ts'
[16:02:50.048] Adding entry into typings cache: 'fbemitter' => 'C:/Users/bento/AppData/Local/Microsoft/TypeScript/4.5/node_modules/@types/fbemitter/index.d.ts'
[16:02:50.050] Adding entry into typings cache: 'fbjs' => 'C:/Users/bento/AppData/Local/Microsoft/TypeScript/4.5/node_modules/@types/fbjs/index.d.ts'
[16:02:50.055] Adding entry into typings cache: 'fill-range' => 'C:/Users/bento/AppData/Local/Microsoft/TypeScript/4.5/node_modules/@types/fill-range/index.d.ts'
[16:02:50.058] Adding entry into typings cache: 'finalhandler' => 'C:/Users/bento/AppData/Local/Microsoft/TypeScript/4.5/node_modules/@types/finalhandler/index.d.ts'
[16:02:50.060] Adding entry into typings cache: 'find-cache-dir' => 'C:/Users/bento/AppData/Local/Microsoft/TypeScript/4.5/node_modules/@types/find-cache-dir/index.d.ts'
[16:02:50.063] Adding entry into typings cache: 'fontfaceobserver' => 'C:/Users/bento/AppData/Local/Microsoft/TypeScript/4.5/node_modules/@types/fontfaceobserver/index.d.ts'
[16:02:50.065] Adding entry into typings cache: 'fresh' => 'C:/Users/bento/AppData/Local/Microsoft/TypeScript/4.5/node_modules/@types/fresh/index.d.ts'
[16:02:50.068] Adding entry into typings cache: 'fs-extra' => 'C:/Users/bento/AppData/Local/Microsoft/TypeScript/4.5/node_modules/@types/fs-extra/index.d.ts'
[16:02:50.072] Adding entry into typings cache: 'function-bind' => 'C:/Users/bento/AppData/Local/Microsoft/TypeScript/4.5/node_modules/@types/function-bind/index.d.ts'
[16:02:50.076] Adding entry into typings cache: 'get-intrinsic' => 'C:/Users/bento/AppData/Local/Microsoft/TypeScript/4.5/node_modules/@types/get-intrinsic/index.d.ts'
[16:02:50.078] Adding entry into typings cache: 'get-value' => 'C:/Users/bento/AppData/Local/Microsoft/TypeScript/4.5/node_modules/@types/get-value/index.d.ts'
[16:02:50.081] Adding entry into typings cache: 'getenv' => 'C:/Users/bento/AppData/Local/Microsoft/TypeScript/4.5/node_modules/@types/getenv/index.d.ts'
[16:02:50.084] Adding entry into typings cache: 'glob' => 'C:/Users/bento/AppData/Local/Microsoft/TypeScript/4.5/node_modules/@types/glob/index.d.ts'
[16:02:50.086] Adding entry into typings cache: 'glob-parent' => 'C:/Users/bento/AppData/Local/Microsoft/TypeScript/4.5/node_modules/@types/glob-parent/index.d.ts'
[16:02:50.090] Adding entry into typings cache: 'graceful-fs' => 'C:/Users/bento/AppData/Local/Microsoft/TypeScript/4.5/node_modules/@types/graceful-fs/index.d.ts'
[16:02:50.092] Adding entry into typings cache: 'has' => 'C:/Users/bento/AppData/Local/Microsoft/TypeScript/4.5/node_modules/@types/has/index.d.ts'
[16:02:50.094] Adding entry into typings cache: 'has-symbols' => 'C:/Users/bento/AppData/Local/Microsoft/TypeScript/4.5/node_modules/@types/has-symbols/index.d.ts'
[16:02:50.096] Adding entry into typings cache: 'http-errors' => 'C:/Users/bento/AppData/Local/Microsoft/TypeScript/4.5/node_modules/@types/http-errors/index.d.ts'
[16:02:50.098] Adding entry into typings cache: 'hyphenate-style-name' => 'C:/Users/bento/AppData/Local/Microsoft/TypeScript/4.5/node_modules/@types/hyphenate-style-name/index.d.ts'
[16:02:50.103] Adding entry into typings cache: 'imurmurhash' => 'C:/Users/bento/AppData/Local/Microsoft/TypeScript/4.5/node_modules/@types/imurmurhash/index.d.ts'
[16:02:50.106] Adding entry into typings cache: 'inherits' => 'C:/Users/bento/AppData/Local/Microsoft/TypeScript/4.5/node_modules/@types/inherits/index.d.ts'
[16:02:50.108] Adding entry into typings cache: 'inline-style-prefixer' => 'C:/Users/bento/AppData/Local/Microsoft/TypeScript/4.5/node_modules/@types/inline-style-prefixer/index.d.ts'
[16:02:50.111] Adding entry into typings cache: 'interpret' => 'C:/Users/bento/AppData/Local/Microsoft/TypeScript/4.5/node_modules/@types/interpret/index.d.ts'
[16:02:50.114] Adding entry into typings cache: 'invariant' => 'C:/Users/bento/AppData/Local/Microsoft/TypeScript/4.5/node_modules/@types/invariant/index.d.ts'
[16:02:50.116] Adding entry into typings cache: 'ip' => 'C:/Users/bento/AppData/Local/Microsoft/TypeScript/4.5/node_modules/@types/ip/index.d.ts'
[16:02:50.118] Adding entry into typings cache: 'is-buffer' => 'C:/Users/bento/AppData/Local/Microsoft/TypeScript/4.5/node_modules/@types/is-buffer/index.d.ts'
[16:02:50.124] Adding entry into typings cache: 'is-ci' => 'C:/Users/bento/AppData/Local/Microsoft/TypeScript/4.5/node_modules/@types/is-ci/index.d.ts'
[16:02:50.129] Adding entry into typings cache: 'is-core-module' => 'C:/Users/bento/AppData/Local/Microsoft/TypeScript/4.5/node_modules/@types/is-core-module/index.d.ts'
[16:02:50.132] Adding entry into typings cache: 'is-data-descriptor' => 'C:/Users/bento/AppData/Local/Microsoft/TypeScript/4.5/node_modules/@types/is-data-descriptor/index.d.ts'
[16:02:50.135] Adding entry into typings cache: 'is-glob' => 'C:/Users/bento/AppData/Local/Microsoft/TypeScript/4.5/node_modules/@types/is-glob/index.d.ts'
[16:02:50.137] Adding entry into typings cache: 'is-number' => 'C:/Users/bento/AppData/Local/Microsoft/TypeScript/4.5/node_modules/@types/is-number/index.d.ts'
[16:02:50.139] Adding entry into typings cache: 'is-windows' => 'C:/Users/bento/AppData/Local/Microsoft/TypeScript/4.5/node_modules/@types/is-windows/index.d.ts'
[16:02:50.142] Adding entry into typings cache: 'isarray' => 'C:/Users/bento/AppData/Local/Microsoft/TypeScript/4.5/node_modules/@types/isarray/index.d.ts'
[16:02:50.145] Adding entry into typings cache: 'isexe' => 'C:/Users/bento/AppData/Local/Microsoft/TypeScript/4.5/node_modules/@types/isexe/index.d.ts'
[16:02:50.147] Adding entry into typings cache: 'isomorphic-fetch' => 'C:/Users/bento/AppData/Local/Microsoft/TypeScript/4.5/node_modules/@types/isomorphic-fetch/index.d.ts'
[16:02:50.150] Adding entry into typings cache: 'js-yaml' => 'C:/Users/bento/AppData/Local/Microsoft/TypeScript/4.5/node_modules/@types/js-yaml/index.d.ts'
[16:02:50.153] Adding entry into typings cache: 'jscodeshift' => 'C:/Users/bento/AppData/Local/Microsoft/TypeScript/4.5/node_modules/@types/jscodeshift/index.d.ts'
[16:02:50.155] Adding entry into typings cache: 'jsesc' => 'C:/Users/bento/AppData/Local/Microsoft/TypeScript/4.5/node_modules/@types/jsesc/index.d.ts'
[16:02:50.158] Adding entry into typings cache: 'json-parse-better-errors' => 'C:/Users/bento/AppData/Local/Microsoft/TypeScript/4.5/node_modules/@types/json-parse-better-errors/index.d.ts'
[16:02:50.161] Adding entry into typings cache: 'jsonfile' => 'C:/Users/bento/AppData/Local/Microsoft/TypeScript/4.5/node_modules/@types/jsonfile/index.d.ts'
[16:02:50.164] Adding entry into typings cache: 'kind-of' => 'C:/Users/bento/AppData/Local/Microsoft/TypeScript/4.5/node_modules/@types/kind-of/index.d.ts'
[16:02:50.167] Adding entry into typings cache: 'klaw' => 'C:/Users/bento/AppData/Local/Microsoft/TypeScript/4.5/node_modules/@types/klaw/index.d.ts'
[16:02:50.170] Adding entry into typings cache: 'lodash' => 'C:/Users/bento/AppData/Local/Microsoft/TypeScript/4.5/node_modules/@types/lodash/index.d.ts'
[16:02:50.173] Adding entry into typings cache: 'lodash.debounce' => 'C:/Users/bento/AppData/Local/Microsoft/TypeScript/4.5/node_modules/@types/lodash.debounce/index.d.ts'
[16:02:50.176] Adding entry into typings cache: 'lodash.frompairs' => 'C:/Users/bento/AppData/Local/Microsoft/TypeScript/4.5/node_modules/@types/lodash.frompairs/index.d.ts'
[16:02:50.178] Adding entry into typings cache: 'lodash.isequal' => 'C:/Users/bento/AppData/Local/Microsoft/TypeScript/4.5/node_modules/@types/lodash.isequal/index.d.ts'
[16:02:50.181] Adding entry into typings cache: 'lodash.isstring' => 'C:/Users/bento/AppData/Local/Microsoft/TypeScript/4.5/node_modules/@types/lodash.isstring/index.d.ts'
[16:02:50.184] Adding entry into typings cache: 'lodash.omit' => 'C:/Users/bento/AppData/Local/Microsoft/TypeScript/4.5/node_modules/@types/lodash.omit/index.d.ts'
[16:02:50.187] Adding entry into typings cache: 'lodash.pick' => 'C:/Users/bento/AppData/Local/Microsoft/TypeScript/4.5/node_modules/@types/lodash.pick/index.d.ts'
[16:02:50.189] Adding entry into typings cache: 'lodash.template' => 'C:/Users/bento/AppData/Local/Microsoft/TypeScript/4.5/node_modules/@types/lodash.template/index.d.ts'
[16:02:50.191] Adding entry into typings cache: 'lodash.throttle' => 'C:/Users/bento/AppData/Local/Microsoft/TypeScript/4.5/node_modules/@types/lodash.throttle/index.d.ts'
[16:02:50.193] Adding entry into typings cache: 'lru-cache' => 'C:/Users/bento/AppData/Local/Microsoft/TypeScript/4.5/node_modules/@types/lru-cache/index.d.ts'
[16:02:50.195] Adding entry into typings cache: 'merge-stream' => 'C:/Users/bento/AppData/Local/Microsoft/TypeScript/4.5/node_modules/@types/merge-stream/index.d.ts'
[16:02:50.197] Adding entry into typings cache: 'merge2' => 'C:/Users/bento/AppData/Local/Microsoft/TypeScript/4.5/node_modules/@types/merge2/index.d.ts'
[16:02:50.199] Adding entry into typings cache: 'metro' => 'C:/Users/bento/AppData/Local/Microsoft/TypeScript/4.5/node_modules/@types/metro/index.d.ts'
[16:02:50.201] Adding entry into typings cache: 'metro-babel-transformer' => 'C:/Users/bento/AppData/Local/Microsoft/TypeScript/4.5/node_modules/@types/metro-babel-transformer/index.d.ts'
[16:02:50.203] Adding entry into typings cache: 'metro-cache' => 'C:/Users/bento/AppData/Local/Microsoft/TypeScript/4.5/node_modules/@types/metro-cache/index.d.ts'
[16:02:50.207] Adding entry into typings cache: 'metro-config' => 'C:/Users/bento/AppData/Local/Microsoft/TypeScript/4.5/node_modules/@types/metro-config/index.d.ts'
[16:02:50.209] Adding entry into typings cache: 'metro-core' => 'C:/Users/bento/AppData/Local/Microsoft/TypeScript/4.5/node_modules/@types/metro-core/index.d.ts'
[16:02:50.212] Adding entry into typings cache: 'metro-resolver' => 'C:/Users/bento/AppData/Local/Microsoft/TypeScript/4.5/node_modules/@types/metro-resolver/index.d.ts'
[16:02:50.213] Adding entry into typings cache: 'metro-source-map' => 'C:/Users/bento/AppData/Local/Microsoft/TypeScript/4.5/node_modules/@types/metro-source-map/index.d.ts'
[16:02:50.216] Adding entry into typings cache: 'metro-transform-worker' => 'C:/Users/bento/AppData/Local/Microsoft/TypeScript/4.5/node_modules/@types/metro-transform-worker/index.d.ts'
[16:02:50.218] Adding entry into typings cache: 'micromatch' => 'C:/Users/bento/AppData/Local/Microsoft/TypeScript/4.5/node_modules/@types/micromatch/index.d.ts'
[16:02:50.220] Adding entry into typings cache: 'mime' => 'C:/Users/bento/AppData/Local/Microsoft/TypeScript/4.5/node_modules/@types/mime/index.d.ts'
[16:02:50.222] Adding entry into typings cache: 'mime-db' => 'C:/Users/bento/AppData/Local/Microsoft/TypeScript/4.5/node_modules/@types/mime-db/index.d.ts'
[16:02:50.224] Adding entry into typings cache: 'mime-types' => 'C:/Users/bento/AppData/Local/Microsoft/TypeScript/4.5/node_modules/@types/mime-types/index.d.ts'
[16:02:50.226] Adding entry into typings cache: 'minimatch' => 'C:/Users/bento/AppData/Local/Microsoft/TypeScript/4.5/node_modules/@types/minimatch/index.d.ts'
[16:02:50.229] Adding entry into typings cache: 'minimist' => 'C:/Users/bento/AppData/Local/Microsoft/TypeScript/4.5/node_modules/@types/minimist/index.d.ts'
[16:02:50.231] Adding entry into typings cache: 'mkdirp' => 'C:/Users/bento/AppData/Local/Microsoft/TypeScript/4.5/node_modules/@types/mkdirp/index.d.ts'
[16:02:50.233] Adding entry into typings cache: 'ms' => 'C:/Users/bento/AppData/Local/Microsoft/TypeScript/4.5/node_modules/@types/ms/index.d.ts'
[16:02:50.235] Adding entry into typings cache: 'mz' => 'C:/Users/bento/AppData/Local/Microsoft/TypeScript/4.5/node_modules/@types/mz/index.d.ts'
[16:02:50.237] Adding entry into typings cache: 'negotiator' => 'C:/Users/bento/AppData/Local/Microsoft/TypeScript/4.5/node_modules/@types/negotiator/index.d.ts'
[16:02:50.239] Adding entry into typings cache: 'nice-try' => 'C:/Users/bento/AppData/Local/Microsoft/TypeScript/4.5/node_modules/@types/nice-try/index.d.ts'
[16:02:50.241] Adding entry into typings cache: 'node-dir' => 'C:/Users/bento/AppData/Local/Microsoft/TypeScript/4.5/node_modules/@types/node-dir/index.d.ts'
[16:02:50.246] Adding entry into typings cache: 'node-int64' => 'C:/Users/bento/AppData/Local/Microsoft/TypeScript/4.5/node_modules/@types/node-int64/index.d.ts'
[16:02:50.249] Adding entry into typings cache: 'normalize-path' => 'C:/Users/bento/AppData/Local/Microsoft/TypeScript/4.5/node_modules/@types/normalize-path/index.d.ts'
[16:02:50.251] Adding entry into typings cache: 'object-assign' => 'C:/Users/bento/AppData/Local/Microsoft/TypeScript/4.5/node_modules/@types/object-assign/index.d.ts'
[16:02:50.256] Adding entry into typings cache: 'object-keys' => 'C:/Users/bento/AppData/Local/Microsoft/TypeScript/4.5/node_modules/@types/object-keys/index.d.ts'
[16:02:50.259] Adding entry into typings cache: 'object.pick' => 'C:/Users/bento/AppData/Local/Microsoft/TypeScript/4.5/node_modules/@types/object.pick/index.d.ts'
[16:02:50.261] Adding entry into typings cache: 'on-finished' => 'C:/Users/bento/AppData/Local/Microsoft/TypeScript/4.5/node_modules/@types/on-finished/index.d.ts'
[16:02:50.263] Adding entry into typings cache: 'on-headers' => 'C:/Users/bento/AppData/Local/Microsoft/TypeScript/4.5/node_modules/@types/on-headers/index.d.ts'
[16:02:50.265] Adding entry into typings cache: 'once' => 'C:/Users/bento/AppData/Local/Microsoft/TypeScript/4.5/node_modules/@types/once/index.d.ts'
[16:02:50.267] Adding entry into typings cache: 'os-tmpdir' => 'C:/Users/bento/AppData/Local/Microsoft/TypeScript/4.5/node_modules/@types/os-tmpdir/index.d.ts'
[16:02:50.269] Adding entry into typings cache: 'parse-json' => 'C:/Users/bento/AppData/Local/Microsoft/TypeScript/4.5/node_modules/@types/parse-json/index.d.ts'
[16:02:50.272] Adding entry into typings cache: 'parseurl' => 'C:/Users/bento/AppData/Local/Microsoft/TypeScript/4.5/node_modules/@types/parseurl/index.d.ts'
[16:02:50.275] Adding entry into typings cache: 'pascalcase' => 'C:/Users/bento/AppData/Local/Microsoft/TypeScript/4.5/node_modules/@types/pascalcase/index.d.ts'
[16:02:50.277] Adding entry into typings cache: 'path-browserify' => 'C:/Users/bento/AppData/Local/Microsoft/TypeScript/4.5/node_modules/@types/path-browserify/index.d.ts'
[16:02:50.279] Adding entry into typings cache: 'path-is-absolute' => 'C:/Users/bento/AppData/Local/Microsoft/TypeScript/4.5/node_modules/@types/path-is-absolute/index.d.ts'
[16:02:50.281] Adding entry into typings cache: 'path-parse' => 'C:/Users/bento/AppData/Local/Microsoft/TypeScript/4.5/node_modules/@types/path-parse/index.d.ts'
[16:02:50.283] Adding entry into typings cache: 'picomatch' => 'C:/Users/bento/AppData/Local/Microsoft/TypeScript/4.5/node_modules/@types/picomatch/index.d.ts'
[16:02:50.285] Adding entry into typings cache: 'pify' => 'C:/Users/bento/AppData/Local/Microsoft/TypeScript/4.5/node_modules/@types/pify/index.d.ts'
[16:02:50.287] Adding entry into typings cache: 'plist' => 'C:/Users/bento/AppData/Local/Microsoft/TypeScript/4.5/node_modules/@types/plist/index.d.ts'
[16:02:50.290] Adding entry into typings cache: 'pngjs' => 'C:/Users/bento/AppData/Local/Microsoft/TypeScript/4.5/node_modules/@types/pngjs/index.d.ts'
[16:02:50.293] Adding entry into typings cache: 'prompts' => 'C:/Users/bento/AppData/Local/Microsoft/TypeScript/4.5/node_modules/@types/prompts/index.d.ts'
[16:02:50.297] Adding entry into typings cache: 'prop-types' => 'C:/Users/bento/AppData/Local/Microsoft/TypeScript/4.5/node_modules/@types/prop-types/index.d.ts'
[16:02:50.300] Adding entry into typings cache: 'pump' => 'C:/Users/bento/AppData/Local/Microsoft/TypeScript/4.5/node_modules/@types/pump/index.d.ts'
[16:02:50.303] Adding entry into typings cache: 'querystringify' => 'C:/Users/bento/AppData/Local/Microsoft/TypeScript/4.5/node_modules/@types/querystringify/index.d.ts'
[16:02:50.305] Adding entry into typings cache: 'range-parser' => 'C:/Users/bento/AppData/Local/Microsoft/TypeScript/4.5/node_modules/@types/range-parser/index.d.ts'
[16:02:50.309] Adding entry into typings cache: 'react' => 'C:/Users/bento/AppData/Local/Microsoft/TypeScript/4.5/node_modules/@types/react/index.d.ts'
[16:02:50.311] Adding entry into typings cache: 'react-dom' => 'C:/Users/bento/AppData/Local/Microsoft/TypeScript/4.5/node_modules/@types/react-dom/index.d.ts'
[16:02:50.313] Adding entry into typings cache: 'react-is' => 'C:/Users/bento/AppData/Local/Microsoft/TypeScript/4.5/node_modules/@types/react-is/index.d.ts'
[16:02:50.316] Adding entry into typings cache: 'react-native' => 'C:/Users/bento/AppData/Local/Microsoft/TypeScript/4.5/node_modules/@types/react-native/index.d.ts'
[16:02:50.317] Adding entry into typings cache: 'readable-stream' => 'C:/Users/bento/AppData/Local/Microsoft/TypeScript/4.5/node_modules/@types/readable-stream/index.d.ts'
[16:02:50.319] Adding entry into typings cache: 'rechoir' => 'C:/Users/bento/AppData/Local/Microsoft/TypeScript/4.5/node_modules/@types/rechoir/index.d.ts'
[16:02:50.321] Adding entry into typings cache: 'regenerate' => 'C:/Users/bento/AppData/Local/Microsoft/TypeScript/4.5/node_modules/@types/regenerate/index.d.ts'
[16:02:50.323] Adding entry into typings cache: 'regenerator-runtime' => 'C:/Users/bento/AppData/Local/Microsoft/TypeScript/4.5/node_modules/@types/regenerator-runtime/index.d.ts'
[16:02:50.325] Adding entry into typings cache: 'regex-not' => 'C:/Users/bento/AppData/Local/Microsoft/TypeScript/4.5/node_modules/@types/regex-not/index.d.ts'
[16:02:50.328] Adding entry into typings cache: 'repeat-element' => 'C:/Users/bento/AppData/Local/Microsoft/TypeScript/4.5/node_modules/@types/repeat-element/index.d.ts'
[16:02:50.330] Adding entry into typings cache: 'repeat-string' => 'C:/Users/bento/AppData/Local/Microsoft/TypeScript/4.5/node_modules/@types/repeat-string/index.d.ts'
[16:02:50.333] Adding entry into typings cache: 'require-directory' => 'C:/Users/bento/AppData/Local/Microsoft/TypeScript/4.5/node_modules/@types/require-directory/index.d.ts'
[16:02:50.336] Adding entry into typings cache: 'require-from-string' => 'C:/Users/bento/AppData/Local/Microsoft/TypeScript/4.5/node_modules/@types/require-from-string/index.d.ts'
[16:02:50.340] Adding entry into typings cache: 'requires-port' => 'C:/Users/bento/AppData/Local/Microsoft/TypeScript/4.5/node_modules/@types/requires-port/index.d.ts'
[16:02:50.343] Adding entry into typings cache: 'resolve' => 'C:/Users/bento/AppData/Local/Microsoft/TypeScript/4.5/node_modules/@types/resolve/index.d.ts'
[16:02:50.348] Adding entry into typings cache: 'rimraf' => 'C:/Users/bento/AppData/Local/Microsoft/TypeScript/4.5/node_modules/@types/rimraf/index.d.ts'
[16:02:50.351] Adding entry into typings cache: 'rsvp' => 'C:/Users/bento/AppData/Local/Microsoft/TypeScript/4.5/node_modules/@types/rsvp/index.d.ts'
[16:02:50.354] Adding entry into typings cache: 'run-parallel' => 'C:/Users/bento/AppData/Local/Microsoft/TypeScript/4.5/node_modules/@types/run-parallel/index.d.ts'
[16:02:50.357] Adding entry into typings cache: 'safe-regex' => 'C:/Users/bento/AppData/Local/Microsoft/TypeScript/4.5/node_modules/@types/safe-regex/index.d.ts'
[16:02:50.360] Adding entry into typings cache: 'safer-buffer' => 'C:/Users/bento/AppData/Local/Microsoft/TypeScript/4.5/node_modules/@types/safer-buffer/index.d.ts'
[16:02:50.363] Adding entry into typings cache: 'sane' => 'C:/Users/bento/AppData/Local/Microsoft/TypeScript/4.5/node_modules/@types/sane/index.d.ts'
[16:02:50.366] Adding entry into typings cache: 'sax' => 'C:/Users/bento/AppData/Local/Microsoft/TypeScript/4.5/node_modules/@types/sax/index.d.ts'
[16:02:50.369] Adding entry into typings cache: 'scheduler' => 'C:/Users/bento/AppData/Local/Microsoft/TypeScript/4.5/node_modules/@types/scheduler/index.d.ts'
[16:02:50.372] Adding entry into typings cache: 'semver' => 'C:/Users/bento/AppData/Local/Microsoft/TypeScript/4.5/node_modules/@types/semver/index.d.ts'
[16:02:50.375] Adding entry into typings cache: 'send' => 'C:/Users/bento/AppData/Local/Microsoft/TypeScript/4.5/node_modules/@types/send/index.d.ts'
[16:02:50.378] Adding entry into typings cache: 'serve-static' => 'C:/Users/bento/AppData/Local/Microsoft/TypeScript/4.5/node_modules/@types/serve-static/index.d.ts'
[16:02:50.381] Adding entry into typings cache: 'set-value' => 'C:/Users/bento/AppData/Local/Microsoft/TypeScript/4.5/node_modules/@types/set-value/index.d.ts'
[16:02:50.384] Adding entry into typings cache: 'setimmediate' => 'C:/Users/bento/AppData/Local/Microsoft/TypeScript/4.5/node_modules/@types/setimmediate/index.d.ts'
[16:02:50.388] Adding entry into typings cache: 'shebang-command' => 'C:/Users/bento/AppData/Local/Microsoft/TypeScript/4.5/node_modules/@types/shebang-command/index.d.ts'
[16:02:50.391] Adding entry into typings cache: 'shell-quote' => 'C:/Users/bento/AppData/Local/Microsoft/TypeScript/4.5/node_modules/@types/shell-quote/index.d.ts'
[16:02:50.394] Adding entry into typings cache: 'shelljs' => 'C:/Users/bento/AppData/Local/Microsoft/TypeScript/4.5/node_modules/@types/shelljs/index.d.ts'
[16:02:50.397] Adding entry into typings cache: 'signal-exit' => 'C:/Users/bento/AppData/Local/Microsoft/TypeScript/4.5/node_modules/@types/signal-exit/index.d.ts'
[16:02:50.400] Adding entry into typings cache: 'simple-swizzle' => 'C:/Users/bento/AppData/Local/Microsoft/TypeScript/4.5/node_modules/@types/simple-swizzle/index.d.ts'
[16:02:50.403] Adding entry into typings cache: 'slice-ansi' => 'C:/Users/bento/AppData/Local/Microsoft/TypeScript/4.5/node_modules/@types/slice-ansi/index.d.ts'
[16:02:50.406] Adding entry into typings cache: 'source-map-support' => 'C:/Users/bento/AppData/Local/Microsoft/TypeScript/4.5/node_modules/@types/source-map-support/index.d.ts'
[16:02:50.409] Adding entry into typings cache: 'sprintf' => 'C:/Users/bento/AppData/Local/Microsoft/TypeScript/4.5/node_modules/@types/sprintf/index.d.ts'
[16:02:50.411] Adding entry into typings cache: 'sprintf-js' => 'C:/Users/bento/AppData/Local/Microsoft/TypeScript/4.5/node_modules/@types/sprintf-js/index.d.ts'
[16:02:50.413] Adding entry into typings cache: 'statuses' => 'C:/Users/bento/AppData/Local/Microsoft/TypeScript/4.5/node_modules/@types/statuses/index.d.ts'
[16:02:50.415] Adding entry into typings cache: 'stream-buffers' => 'C:/Users/bento/AppData/Local/Microsoft/TypeScript/4.5/node_modules/@types/stream-buffers/index.d.ts'
[16:02:50.417] Adding entry into typings cache: 'supports-color' => 'C:/Users/bento/AppData/Local/Microsoft/TypeScript/4.5/node_modules/@types/supports-color/index.d.ts'
[16:02:50.419] Adding entry into typings cache: 'temp' => 'C:/Users/bento/AppData/Local/Microsoft/TypeScript/4.5/node_modules/@types/temp/index.d.ts'
[16:02:50.422] Adding entry into typings cache: 'through2' => 'C:/Users/bento/AppData/Local/Microsoft/TypeScript/4.5/node_modules/@types/through2/index.d.ts'
[16:02:50.424] Adding entry into typings cache: 'tmpl' => 'C:/Users/bento/AppData/Local/Microsoft/TypeScript/4.5/node_modules/@types/tmpl/index.d.ts'
[16:02:50.428] Adding entry into typings cache: 'to-regex' => 'C:/Users/bento/AppData/Local/Microsoft/TypeScript/4.5/node_modules/@types/to-regex/index.d.ts'
[16:02:50.431] Adding entry into typings cache: 'to-regex-range' => 'C:/Users/bento/AppData/Local/Microsoft/TypeScript/4.5/node_modules/@types/to-regex-range/index.d.ts'
[16:02:50.434] Adding entry into typings cache: 'ua-parser-js' => 'C:/Users/bento/AppData/Local/Microsoft/TypeScript/4.5/node_modules/@types/ua-parser-js/index.d.ts'
[16:02:50.436] Adding entry into typings cache: 'uglify-es' => 'C:/Users/bento/AppData/Local/Microsoft/TypeScript/4.5/node_modules/@types/uglify-es/index.d.ts'
[16:02:50.438] Adding entry into typings cache: 'ultron' => 'C:/Users/bento/AppData/Local/Microsoft/TypeScript/4.5/node_modules/@types/ultron/index.d.ts'
[16:02:50.440] Adding entry into typings cache: 'universalify' => 'C:/Users/bento/AppData/Local/Microsoft/TypeScript/4.5/node_modules/@types/universalify/index.d.ts'
[16:02:50.442] Adding entry into typings cache: 'urix' => 'C:/Users/bento/AppData/Local/Microsoft/TypeScript/4.5/node_modules/@types/urix/index.d.ts'
[16:02:50.444] Adding entry into typings cache: 'url-parse' => 'C:/Users/bento/AppData/Local/Microsoft/TypeScript/4.5/node_modules/@types/url-parse/index.d.ts'
[16:02:50.446] Adding entry into typings cache: 'use-subscription' => 'C:/Users/bento/AppData/Local/Microsoft/TypeScript/4.5/node_modules/@types/use-subscription/index.d.ts'
[16:02:50.448] Adding entry into typings cache: 'util-deprecate' => 'C:/Users/bento/AppData/Local/Microsoft/TypeScript/4.5/node_modules/@types/util-deprecate/index.d.ts'
[16:02:50.450] Adding entry into typings cache: 'utils-merge' => 'C:/Users/bento/AppData/Local/Microsoft/TypeScript/4.5/node_modules/@types/utils-merge/index.d.ts'
[16:02:50.453] Adding entry into typings cache: 'uuid' => 'C:/Users/bento/AppData/Local/Microsoft/TypeScript/4.5/node_modules/@types/uuid/index.d.ts'
[16:02:50.456] Adding entry into typings cache: 'vary' => 'C:/Users/bento/AppData/Local/Microsoft/TypeScript/4.5/node_modules/@types/vary/index.d.ts'
[16:02:50.458] Adding entry into typings cache: 'wcwidth' => 'C:/Users/bento/AppData/Local/Microsoft/TypeScript/4.5/node_modules/@types/wcwidth/index.d.ts'
[16:02:50.460] Adding entry into typings cache: 'webidl-conversions' => 'C:/Users/bento/AppData/Local/Microsoft/TypeScript/4.5/node_modules/@types/webidl-conversions/index.d.ts'
[16:02:50.462] Adding entry into typings cache: 'whatwg-url' => 'C:/Users/bento/AppData/Local/Microsoft/TypeScript/4.5/node_modules/@types/whatwg-url/index.d.ts'
[16:02:50.464] Adding entry into typings cache: 'which' => 'C:/Users/bento/AppData/Local/Microsoft/TypeScript/4.5/node_modules/@types/which/index.d.ts'
[16:02:50.466] Adding entry into typings cache: 'wrap-ansi' => 'C:/Users/bento/AppData/Local/Microsoft/TypeScript/4.5/node_modules/@types/wrap-ansi/index.d.ts'
[16:02:50.468] Adding entry into typings cache: 'write-file-atomic' => 'C:/Users/bento/AppData/Local/Microsoft/TypeScript/4.5/node_modules/@types/write-file-atomic/index.d.ts'
[16:02:50.470] Adding entry into typings cache: 'ws' => 'C:/Users/bento/AppData/Local/Microsoft/TypeScript/4.5/node_modules/@types/ws/index.d.ts'
[16:02:50.473] Adding entry into typings cache: 'xml2js' => 'C:/Users/bento/AppData/Local/Microsoft/TypeScript/4.5/node_modules/@types/xml2js/index.d.ts'
[16:02:50.475] Adding entry into typings cache: 'xmldoc' => 'C:/Users/bento/AppData/Local/Microsoft/TypeScript/4.5/node_modules/@types/xmldoc/index.d.ts'
[16:02:50.477] Adding entry into typings cache: 'xtend' => 'C:/Users/bento/AppData/Local/Microsoft/TypeScript/4.5/node_modules/@types/xtend/index.d.ts'
[16:02:50.479] Adding entry into typings cache: 'yallist' => 'C:/Users/bento/AppData/Local/Microsoft/TypeScript/4.5/node_modules/@types/yallist/index.d.ts'
[16:02:50.482] Adding entry into typings cache: 'yargs' => 'C:/Users/bento/AppData/Local/Microsoft/TypeScript/4.5/node_modules/@types/yargs/index.d.ts'
[16:02:50.484] Adding entry into typings cache: 'yargs-parser' => 'C:/Users/bento/AppData/Local/Microsoft/TypeScript/4.5/node_modules/@types/yargs-parser/index.d.ts'
[16:02:50.484] Finished processing cache location 'C:/Users/bento/AppData/Local/Microsoft/TypeScript/4.5'
[16:02:50.485] Process id: 21316
[16:02:50.486] NPM location: "C:\Program Files\nodejs\npm" (explicit '--npmLocation' not  provided)
[16:02:50.486] validateDefaultNpmLocation: false
[16:02:50.486] Npm config file: C:/Users/bento/AppData/Local/Microsoft/TypeScript/4.5/package.json
[16:02:50.486] Updating types-registry npm package...
[16:02:50.487] Exec: "C:\Program Files\nodejs\npm" install --ignore-scripts types-registry@latest
[16:02:54.144]     Succeeded. stdout:
    
    up to date, audited 257 packages in 2s

1 package is looking for funding
  run `npm fund` for details

found 0 vulnerabilities

[16:02:54.145] Updated types-registry npm package
